<?xml version="1.0" encoding="UTF-8"?>
<!-- Generated by org.testng.reporters.JUnitReportReporter -->
<testsuite skipped="0" hostname="code4lifes-MacBook-Pro.local" name="code4life.tests.TestTitle" tests="1" failures="0" timestamp="12 Feb 2023 14:04:42 GMT" time="5.725" errors="0">
  <testcase name="verifyTitle" time="5.725" classname="code4life.tests.TestTitle"/>
</testsuite> <!-- code4life.tests.TestTitle -->
