<?xml version="1.0" encoding="UTF-8"?>
<!-- Generated by org.testng.reporters.JUnitReportReporter -->
<testsuite skipped="0" hostname="code4lifes-MacBook-Pro.local" name="code4life.tests.TestCartFunc" tests="1" failures="0" timestamp="12 Feb 2023 14:04:42 GMT" time="10.983" errors="0">
  <testcase name="verifyCartFunctionality" time="10.983" classname="code4life.tests.TestCartFunc"/>
</testsuite> <!-- code4life.tests.TestCartFunc -->
